2025-11-29T16:16:48.737870Z  INFO tailwindcss_oxide::scanner: Provided sources:
2025-11-29T16:16:48.738117Z  INFO tailwindcss_oxide::scanner: Source: PublicSourceEntry { base: "/Users/akashkottill/Desktop/fun/expense-tracker", pattern: "**/*", negated: false }
2025-11-29T16:16:48.738415Z  INFO tailwindcss_oxide::scanner: Optimized sources:
2025-11-29T16:16:48.738429Z  INFO tailwindcss_oxide::scanner: Source: Auto { base: "/Users/akashkottill/Desktop/fun/expense-tracker" }
2025-11-29T16:16:48.740748Z  INFO scan_sources: tailwindcss_oxide::scanner: enter
2025-11-29T16:16:48.742217Z  INFO scan_sources: tailwindcss_oxide::scanner: Discovering "/Users/akashkottill/Desktop/fun/expense-tracker/PROJECT_SUMMARY.md"
2025-11-29T16:16:48.742268Z  INFO scan_sources: tailwindcss_oxide::scanner: Discovering "/Users/akashkottill/Desktop/fun/expense-tracker/middleware.ts"
2025-11-29T16:16:48.742297Z  INFO scan_sources: tailwindcss_oxide::scanner: Discovering "/Users/akashkottill/Desktop/fun/expense-tracker/SUPABASE_EMAIL_CONFIG.md"
2025-11-29T16:16:48.742323Z  INFO scan_sources: tailwindcss_oxide::scanner: Discovering "/Users/akashkottill/Desktop/fun/expense-tracker/IMPLEMENTATION_STATUS.md"
2025-11-29T16:16:48.742417Z  INFO scan_sources: tailwindcss_oxide::scanner: Discovering "/Users/akashkottill/Desktop/fun/expense-tracker/context"
2025-11-29T16:16:48.742480Z  INFO scan_sources: tailwindcss_oxide::scanner: Discovering "/Users/akashkottill/Desktop/fun/expense-tracker/context/PartnerContext.tsx"
2025-11-29T16:16:48.742507Z  INFO scan_sources: tailwindcss_oxide::scanner: Discovering "/Users/akashkottill/Desktop/fun/expense-tracker/context/ThemeContext.tsx"
2025-11-29T16:16:48.742537Z  INFO scan_sources: tailwindcss_oxide::scanner: Discovering "/Users/akashkottill/Desktop/fun/expense-tracker/context/AuthContext.tsx"
2025-11-29T16:16:48.742672Z  INFO scan_sources: tailwindcss_oxide::scanner: Discovering "/Users/akashkottill/Desktop/fun/expense-tracker/app"
2025-11-29T16:16:48.742766Z  INFO scan_sources: tailwindcss_oxide::scanner: Discovering "/Users/akashkottill/Desktop/fun/expense-tracker/app/layout.tsx"
2025-11-29T16:16:48.742841Z  INFO scan_sources: tailwindcss_oxide::scanner: Discovering "/Users/akashkottill/Desktop/fun/expense-tracker/app/(auth)"
2025-11-29T16:16:48.742929Z  INFO scan_sources: tailwindcss_oxide::scanner: Discovering "/Users/akashkottill/Desktop/fun/expense-tracker/app/(auth)/signup"
2025-11-29T16:16:48.742986Z  INFO scan_sources: tailwindcss_oxide::scanner: Discovering "/Users/akashkottill/Desktop/fun/expense-tracker/app/(auth)/signup/page.tsx"
2025-11-29T16:16:48.743015Z  INFO scan_sources: tailwindcss_oxide::scanner: Discovering "/Users/akashkottill/Desktop/fun/expense-tracker/app/(auth)/layout.tsx"
2025-11-29T16:16:48.743070Z  INFO scan_sources: tailwindcss_oxide::scanner: Discovering "/Users/akashkottill/Desktop/fun/expense-tracker/app/(auth)/login"
2025-11-29T16:16:48.743112Z  INFO scan_sources: tailwindcss_oxide::scanner: Discovering "/Users/akashkottill/Desktop/fun/expense-tracker/app/(auth)/login/page.tsx"
2025-11-29T16:16:48.743171Z  INFO scan_sources: tailwindcss_oxide::scanner: Discovering "/Users/akashkottill/Desktop/fun/expense-tracker/app/(dashboard)"
2025-11-29T16:16:48.743263Z  INFO scan_sources: tailwindcss_oxide::scanner: Discovering "/Users/akashkottill/Desktop/fun/expense-tracker/app/(dashboard)/settings"
2025-11-29T16:16:48.743318Z  INFO scan_sources: tailwindcss_oxide::scanner: Discovering "/Users/akashkottill/Desktop/fun/expense-tracker/app/(dashboard)/settings/page.tsx"
2025-11-29T16:16:48.743395Z  INFO scan_sources: tailwindcss_oxide::scanner: Discovering "/Users/akashkottill/Desktop/fun/expense-tracker/app/(dashboard)/credit-cards"
2025-11-29T16:16:48.743480Z  INFO scan_sources: tailwindcss_oxide::scanner: Discovering "/Users/akashkottill/Desktop/fun/expense-tracker/app/(dashboard)/expenses"
2025-11-29T16:16:48.743521Z  INFO scan_sources: tailwindcss_oxide::scanner: Discovering "/Users/akashkottill/Desktop/fun/expense-tracker/app/(dashboard)/expenses/page.tsx"
2025-11-29T16:16:48.743655Z  INFO scan_sources: tailwindcss_oxide::scanner: Discovering "/Users/akashkottill/Desktop/fun/expense-tracker/app/(dashboard)/dashboard"
2025-11-29T16:16:48.743758Z  INFO scan_sources: tailwindcss_oxide::scanner: Discovering "/Users/akashkottill/Desktop/fun/expense-tracker/app/(dashboard)/dashboard/page.tsx"
2025-11-29T16:16:48.744041Z  INFO scan_sources: tailwindcss_oxide::scanner: Discovering "/Users/akashkottill/Desktop/fun/expense-tracker/app/(dashboard)/layout.tsx"
2025-11-29T16:16:48.744139Z  INFO scan_sources: tailwindcss_oxide::scanner: Discovering "/Users/akashkottill/Desktop/fun/expense-tracker/app/(dashboard)/analytics"
2025-11-29T16:16:48.744247Z  INFO scan_sources: tailwindcss_oxide::scanner: Discovering "/Users/akashkottill/Desktop/fun/expense-tracker/app/(dashboard)/analytics/page.tsx"
2025-11-29T16:16:48.744315Z  INFO scan_sources: tailwindcss_oxide::scanner: Discovering "/Users/akashkottill/Desktop/fun/expense-tracker/app/(dashboard)/investments"
2025-11-29T16:16:48.744380Z  INFO scan_sources: tailwindcss_oxide::scanner: Discovering "/Users/akashkottill/Desktop/fun/expense-tracker/app/(dashboard)/investments/page.tsx"
2025-11-29T16:16:48.744412Z  INFO scan_sources: tailwindcss_oxide::scanner: Discovering "/Users/akashkottill/Desktop/fun/expense-tracker/app/page.tsx"
2025-11-29T16:16:48.744438Z  INFO scan_sources: tailwindcss_oxide::scanner: Discovering "/Users/akashkottill/Desktop/fun/expense-tracker/app/globals.css"
2025-11-29T16:16:48.744466Z  INFO scan_sources: tailwindcss_oxide::scanner: Discovering "/Users/akashkottill/Desktop/fun/expense-tracker/postcss.config.mjs"
2025-11-29T16:16:48.744705Z  INFO scan_sources: tailwindcss_oxide::scanner: Discovering "/Users/akashkottill/Desktop/fun/expense-tracker/supabase"
2025-11-29T16:16:48.744822Z  INFO scan_sources: tailwindcss_oxide::scanner: Discovering "/Users/akashkottill/Desktop/fun/expense-tracker/supabase/migrations"
2025-11-29T16:16:48.744888Z  INFO scan_sources: tailwindcss_oxide::scanner: Discovering "/Users/akashkottill/Desktop/fun/expense-tracker/supabase/migrations/014_add_credit_card_repayment_category.sql"
2025-11-29T16:16:48.744936Z  INFO scan_sources: tailwindcss_oxide::scanner: Discovering "/Users/akashkottill/Desktop/fun/expense-tracker/supabase/migrations/007_allow_public_invitation_read.sql"
2025-11-29T16:16:48.745008Z  INFO scan_sources: tailwindcss_oxide::scanner: Discovering "/Users/akashkottill/Desktop/fun/expense-tracker/supabase/migrations/012_add_payment_sources.sql"
2025-11-29T16:16:48.745036Z  INFO scan_sources: tailwindcss_oxide::scanner: Discovering "/Users/akashkottill/Desktop/fun/expense-tracker/supabase/migrations/004_add_is_shared_field.sql"
2025-11-29T16:16:48.745058Z  INFO scan_sources: tailwindcss_oxide::scanner: Discovering "/Users/akashkottill/Desktop/fun/expense-tracker/supabase/migrations/010_add_investments.sql"
2025-11-29T16:16:48.745078Z  INFO scan_sources: tailwindcss_oxide::scanner: Discovering "/Users/akashkottill/Desktop/fun/expense-tracker/supabase/migrations/008_fix_partner_creation_issue.sql"
2025-11-29T16:16:48.745098Z  INFO scan_sources: tailwindcss_oxide::scanner: Discovering "/Users/akashkottill/Desktop/fun/expense-tracker/supabase/migrations/013_add_payment_source_to_expenses.sql"
2025-11-29T16:16:48.745118Z  INFO scan_sources: tailwindcss_oxide::scanner: Discovering "/Users/akashkottill/Desktop/fun/expense-tracker/supabase/migrations/009_add_expense_split_fields.sql"
2025-11-29T16:16:48.745141Z  INFO scan_sources: tailwindcss_oxide::scanner: Discovering "/Users/akashkottill/Desktop/fun/expense-tracker/supabase/migrations/003_add_paid_by_field.sql"
2025-11-29T16:16:48.745162Z  INFO scan_sources: tailwindcss_oxide::scanner: Discovering "/Users/akashkottill/Desktop/fun/expense-tracker/supabase/migrations/015_remove_duplicate_cc_repayment_category.sql"
2025-11-29T16:16:48.745183Z  INFO scan_sources: tailwindcss_oxide::scanner: Discovering "/Users/akashkottill/Desktop/fun/expense-tracker/supabase/migrations/018_update_categories.sql"
2025-11-29T16:16:48.745204Z  INFO scan_sources: tailwindcss_oxide::scanner: Discovering "/Users/akashkottill/Desktop/fun/expense-tracker/supabase/migrations/005_verify_partner_invitations.sql"
2025-11-29T16:16:48.745233Z  INFO scan_sources: tailwindcss_oxide::scanner: Discovering "/Users/akashkottill/Desktop/fun/expense-tracker/supabase/migrations/006_fix_partner_invitations_rls.sql"
2025-11-29T16:16:48.745253Z  INFO scan_sources: tailwindcss_oxide::scanner: Discovering "/Users/akashkottill/Desktop/fun/expense-tracker/supabase/migrations/001_initial_schema.sql"
2025-11-29T16:16:48.745276Z  INFO scan_sources: tailwindcss_oxide::scanner: Discovering "/Users/akashkottill/Desktop/fun/expense-tracker/supabase/migrations/002_row_level_security.sql"
2025-11-29T16:16:48.745299Z  INFO scan_sources: tailwindcss_oxide::scanner: Discovering "/Users/akashkottill/Desktop/fun/expense-tracker/supabase/migrations/011_add_credit_cards.sql"
2025-11-29T16:16:48.745320Z  INFO scan_sources: tailwindcss_oxide::scanner: Discovering "/Users/akashkottill/Desktop/fun/expense-tracker/supabase/migrations/016_fix_cc_repayment_category_cleanup.sql"
2025-11-29T16:16:48.745343Z  INFO scan_sources: tailwindcss_oxide::scanner: Discovering "/Users/akashkottill/Desktop/fun/expense-tracker/supabase/migrations/017_remove_duplicate_cc_repayment_categories.sql"
2025-11-29T16:16:48.745400Z  INFO scan_sources: tailwindcss_oxide::scanner: Discovering "/Users/akashkottill/Desktop/fun/expense-tracker/supabase/config"
2025-11-29T16:16:48.745442Z  INFO scan_sources: tailwindcss_oxide::scanner: Discovering "/Users/akashkottill/Desktop/fun/expense-tracker/supabase/config/seed.sql"
2025-11-29T16:16:48.745464Z  INFO scan_sources: tailwindcss_oxide::scanner: Discovering "/Users/akashkottill/Desktop/fun/expense-tracker/supabase/config/seed_payment_sources_and_investments.sql"
2025-11-29T16:16:48.745487Z  INFO scan_sources: tailwindcss_oxide::scanner: Discovering "/Users/akashkottill/Desktop/fun/expense-tracker/README.md"
2025-11-29T16:16:48.745533Z  INFO scan_sources: tailwindcss_oxide::scanner: Discovering "/Users/akashkottill/Desktop/fun/expense-tracker/components"
2025-11-29T16:16:48.745604Z  INFO scan_sources: tailwindcss_oxide::scanner: Discovering "/Users/akashkottill/Desktop/fun/expense-tracker/components/ui"
2025-11-29T16:16:48.745641Z  INFO scan_sources: tailwindcss_oxide::scanner: Discovering "/Users/akashkottill/Desktop/fun/expense-tracker/components/ui/card.tsx"
2025-11-29T16:16:48.745661Z  INFO scan_sources: tailwindcss_oxide::scanner: Discovering "/Users/akashkottill/Desktop/fun/expense-tracker/components/ui/label.tsx"
2025-11-29T16:16:48.745683Z  INFO scan_sources: tailwindcss_oxide::scanner: Discovering "/Users/akashkottill/Desktop/fun/expense-tracker/components/ui/button.tsx"
2025-11-29T16:16:48.745701Z  INFO scan_sources: tailwindcss_oxide::scanner: Discovering "/Users/akashkottill/Desktop/fun/expense-tracker/components/ui/select.tsx"
2025-11-29T16:16:48.745720Z  INFO scan_sources: tailwindcss_oxide::scanner: Discovering "/Users/akashkottill/Desktop/fun/expense-tracker/components/ui/input.tsx"
2025-11-29T16:16:48.745785Z  INFO scan_sources: tailwindcss_oxide::scanner: Discovering "/Users/akashkottill/Desktop/fun/expense-tracker/components/credit-cards"
2025-11-29T16:16:48.745853Z  INFO scan_sources: tailwindcss_oxide::scanner: Discovering "/Users/akashkottill/Desktop/fun/expense-tracker/components/expenses"
2025-11-29T16:16:48.745890Z  INFO scan_sources: tailwindcss_oxide::scanner: Discovering "/Users/akashkottill/Desktop/fun/expense-tracker/components/expenses/ExpenseList.tsx"
2025-11-29T16:16:48.745910Z  INFO scan_sources: tailwindcss_oxide::scanner: Discovering "/Users/akashkottill/Desktop/fun/expense-tracker/components/expenses/ExpenseCard.tsx"
2025-11-29T16:16:48.745928Z  INFO scan_sources: tailwindcss_oxide::scanner: Discovering "/Users/akashkottill/Desktop/fun/expense-tracker/components/expenses/ExpenseForm.tsx"
2025-11-29T16:16:48.745976Z  INFO scan_sources: tailwindcss_oxide::scanner: Discovering "/Users/akashkottill/Desktop/fun/expense-tracker/components/charts"
2025-11-29T16:16:48.746012Z  INFO scan_sources: tailwindcss_oxide::scanner: Discovering "/Users/akashkottill/Desktop/fun/expense-tracker/components/charts/PieChart.tsx"
2025-11-29T16:16:48.746038Z  INFO scan_sources: tailwindcss_oxide::scanner: Discovering "/Users/akashkottill/Desktop/fun/expense-tracker/components/charts/LineChart.tsx"
2025-11-29T16:16:48.746056Z  INFO scan_sources: tailwindcss_oxide::scanner: Discovering "/Users/akashkottill/Desktop/fun/expense-tracker/components/charts/BarChart.tsx"
2025-11-29T16:16:48.746117Z  INFO scan_sources: tailwindcss_oxide::scanner: Discovering "/Users/akashkottill/Desktop/fun/expense-tracker/components/shared"
2025-11-29T16:16:48.746156Z  INFO scan_sources: tailwindcss_oxide::scanner: Discovering "/Users/akashkottill/Desktop/fun/expense-tracker/components/shared/ThemeToggle.tsx"
2025-11-29T16:16:48.746222Z  INFO scan_sources: tailwindcss_oxide::scanner: Discovering "/Users/akashkottill/Desktop/fun/expense-tracker/components/dashboard"
2025-11-29T16:16:48.746295Z  INFO scan_sources: tailwindcss_oxide::scanner: Discovering "/Users/akashkottill/Desktop/fun/expense-tracker/components/categories"
2025-11-29T16:16:48.746340Z  INFO scan_sources: tailwindcss_oxide::scanner: Discovering "/Users/akashkottill/Desktop/fun/expense-tracker/components/categories/CategoryList.tsx"
2025-11-29T16:16:48.746401Z  INFO scan_sources: tailwindcss_oxide::scanner: Discovering "/Users/akashkottill/Desktop/fun/expense-tracker/components/categories/SubcategoryForm.tsx"
2025-11-29T16:16:48.746491Z  INFO scan_sources: tailwindcss_oxide::scanner: Discovering "/Users/akashkottill/Desktop/fun/expense-tracker/components/categories/CategoryForm.tsx"
2025-11-29T16:16:48.746638Z  INFO scan_sources: tailwindcss_oxide::scanner: Discovering "/Users/akashkottill/Desktop/fun/expense-tracker/components/investments"
2025-11-29T16:16:48.746738Z  INFO scan_sources: tailwindcss_oxide::scanner: Discovering "/Users/akashkottill/Desktop/fun/expense-tracker/components/investments/InvestmentList.tsx"
2025-11-29T16:16:48.746767Z  INFO scan_sources: tailwindcss_oxide::scanner: Discovering "/Users/akashkottill/Desktop/fun/expense-tracker/components/investments/InvestmentCard.tsx"
2025-11-29T16:16:48.746801Z  INFO scan_sources: tailwindcss_oxide::scanner: Discovering "/Users/akashkottill/Desktop/fun/expense-tracker/components/investments/InvestmentForm.tsx"
2025-11-29T16:16:48.746920Z  INFO scan_sources: tailwindcss_oxide::scanner: Discovering "/Users/akashkottill/Desktop/fun/expense-tracker/public"
2025-11-29T16:16:48.746975Z  INFO scan_sources: tailwindcss_oxide::scanner: Discovering "/Users/akashkottill/Desktop/fun/expense-tracker/public/file.svg"
2025-11-29T16:16:48.747206Z  INFO scan_sources: tailwindcss_oxide::scanner: Discovering "/Users/akashkottill/Desktop/fun/expense-tracker/public/vercel.svg"
2025-11-29T16:16:48.747237Z  INFO scan_sources: tailwindcss_oxide::scanner: Discovering "/Users/akashkottill/Desktop/fun/expense-tracker/public/next.svg"
2025-11-29T16:16:48.747259Z  INFO scan_sources: tailwindcss_oxide::scanner: Discovering "/Users/akashkottill/Desktop/fun/expense-tracker/public/globe.svg"
2025-11-29T16:16:48.747279Z  INFO scan_sources: tailwindcss_oxide::scanner: Discovering "/Users/akashkottill/Desktop/fun/expense-tracker/public/window.svg"
2025-11-29T16:16:48.747341Z  INFO scan_sources: tailwindcss_oxide::scanner: Discovering "/Users/akashkottill/Desktop/fun/expense-tracker/package.json"
2025-11-29T16:16:48.747408Z  INFO scan_sources: tailwindcss_oxide::scanner: Discovering "/Users/akashkottill/Desktop/fun/expense-tracker/lib"
2025-11-29T16:16:48.747491Z  INFO scan_sources: tailwindcss_oxide::scanner: Discovering "/Users/akashkottill/Desktop/fun/expense-tracker/lib/types"
2025-11-29T16:16:48.747541Z  INFO scan_sources: tailwindcss_oxide::scanner: Discovering "/Users/akashkottill/Desktop/fun/expense-tracker/lib/types/category.ts"
2025-11-29T16:16:48.747578Z  INFO scan_sources: tailwindcss_oxide::scanner: Discovering "/Users/akashkottill/Desktop/fun/expense-tracker/lib/types/analytics.ts"
2025-11-29T16:16:48.747614Z  INFO scan_sources: tailwindcss_oxide::scanner: Discovering "/Users/akashkottill/Desktop/fun/expense-tracker/lib/types/investment.ts"
2025-11-29T16:16:48.747662Z  INFO scan_sources: tailwindcss_oxide::scanner: Discovering "/Users/akashkottill/Desktop/fun/expense-tracker/lib/types/credit-card.ts"
2025-11-29T16:16:48.747701Z  INFO scan_sources: tailwindcss_oxide::scanner: Discovering "/Users/akashkottill/Desktop/fun/expense-tracker/lib/types/payment-source.ts"
2025-11-29T16:16:48.747731Z  INFO scan_sources: tailwindcss_oxide::scanner: Discovering "/Users/akashkottill/Desktop/fun/expense-tracker/lib/types/index.ts"
2025-11-29T16:16:48.747755Z  INFO scan_sources: tailwindcss_oxide::scanner: Discovering "/Users/akashkottill/Desktop/fun/expense-tracker/lib/types/expense.ts"
2025-11-29T16:16:48.747777Z  INFO scan_sources: tailwindcss_oxide::scanner: Discovering "/Users/akashkottill/Desktop/fun/expense-tracker/lib/types/user.ts"
2025-11-29T16:16:48.747840Z  INFO scan_sources: tailwindcss_oxide::scanner: Discovering "/Users/akashkottill/Desktop/fun/expense-tracker/lib/utils"
2025-11-29T16:16:48.747889Z  INFO scan_sources: tailwindcss_oxide::scanner: Discovering "/Users/akashkottill/Desktop/fun/expense-tracker/lib/utils/cn.ts"
2025-11-29T16:16:48.747916Z  INFO scan_sources: tailwindcss_oxide::scanner: Discovering "/Users/akashkottill/Desktop/fun/expense-tracker/lib/utils/validations.ts"
2025-11-29T16:16:48.747943Z  INFO scan_sources: tailwindcss_oxide::scanner: Discovering "/Users/akashkottill/Desktop/fun/expense-tracker/lib/utils/calculations.ts"
2025-11-29T16:16:48.747968Z  INFO scan_sources: tailwindcss_oxide::scanner: Discovering "/Users/akashkottill/Desktop/fun/expense-tracker/lib/utils/formatters.ts"
2025-11-29T16:16:48.748038Z  INFO scan_sources: tailwindcss_oxide::scanner: Discovering "/Users/akashkottill/Desktop/fun/expense-tracker/lib/supabase"
2025-11-29T16:16:48.748084Z  INFO scan_sources: tailwindcss_oxide::scanner: Discovering "/Users/akashkottill/Desktop/fun/expense-tracker/lib/supabase/middleware.ts"
2025-11-29T16:16:48.748106Z  INFO scan_sources: tailwindcss_oxide::scanner: Discovering "/Users/akashkottill/Desktop/fun/expense-tracker/lib/supabase/client.ts"
2025-11-29T16:16:48.748133Z  INFO scan_sources: tailwindcss_oxide::scanner: Discovering "/Users/akashkottill/Desktop/fun/expense-tracker/lib/supabase/server.ts"
2025-11-29T16:16:48.748198Z  INFO scan_sources: tailwindcss_oxide::scanner: Discovering "/Users/akashkottill/Desktop/fun/expense-tracker/lib/hooks"
2025-11-29T16:16:48.748263Z  INFO scan_sources: tailwindcss_oxide::scanner: Discovering "/Users/akashkottill/Desktop/fun/expense-tracker/lib/hooks/useCreditCards.ts"
2025-11-29T16:16:48.748285Z  INFO scan_sources: tailwindcss_oxide::scanner: Discovering "/Users/akashkottill/Desktop/fun/expense-tracker/lib/hooks/useExpenses.ts"
2025-11-29T16:16:48.748309Z  INFO scan_sources: tailwindcss_oxide::scanner: Discovering "/Users/akashkottill/Desktop/fun/expense-tracker/lib/hooks/useCategories.ts"
2025-11-29T16:16:48.748330Z  INFO scan_sources: tailwindcss_oxide::scanner: Discovering "/Users/akashkottill/Desktop/fun/expense-tracker/lib/hooks/useInvestments.ts"
2025-11-29T16:16:48.748368Z  INFO scan_sources: tailwindcss_oxide::scanner: Discovering "/Users/akashkottill/Desktop/fun/expense-tracker/lib/hooks/usePaymentSources.ts"
2025-11-29T16:16:48.748392Z  INFO scan_sources: tailwindcss_oxide::scanner: Discovering "/Users/akashkottill/Desktop/fun/expense-tracker/lib/hooks/useAnalytics.ts"
2025-11-29T16:16:48.748415Z  INFO scan_sources: tailwindcss_oxide::scanner: Discovering "/Users/akashkottill/Desktop/fun/expense-tracker/tsconfig.json"
2025-11-29T16:16:48.748503Z  INFO scan_sources: tailwindcss_oxide::scanner: Discovering "/Users/akashkottill/Desktop/fun/expense-tracker/VERCEL_DEPLOYMENT.md"
2025-11-29T16:16:48.748527Z  INFO scan_sources: tailwindcss_oxide::scanner: Discovering "/Users/akashkottill/Desktop/fun/expense-tracker/eslint.config.mjs"
2025-11-29T16:16:48.748547Z  INFO scan_sources: tailwindcss_oxide::scanner: Discovering "/Users/akashkottill/Desktop/fun/expense-tracker/next.config.ts"
2025-11-29T16:16:48.748567Z  INFO scan_sources: tailwindcss_oxide::scanner: Discovering "/Users/akashkottill/Desktop/fun/expense-tracker/SETUP_GUIDE.md"
2025-11-29T16:16:48.748761Z  INFO scan_sources: tailwindcss_oxide::scanner: Discovering "/Users/akashkottill/Desktop/fun/expense-tracker/PROJECT_EXPLANATION.txt"
2025-11-29T16:16:48.748829Z  INFO scan_sources: tailwindcss_oxide::scanner: exit
2025-11-29T16:16:48.748840Z  INFO extract_candidates: tailwindcss_oxide::scanner: enter
2025-11-29T16:16:48.748849Z  INFO extract_candidates:read_all_files: tailwindcss_oxide::scanner: enter
2025-11-29T16:16:48.748854Z  INFO extract_candidates:read_all_files: tailwindcss_oxide::scanner: Reading 91 file(s)
2025-11-29T16:16:48.749359Z  INFO tailwindcss_oxide::scanner: Reading "/Users/akashkottill/Desktop/fun/expense-tracker/lib/hooks/useCreditCards.ts"
2025-11-29T16:16:48.749363Z  INFO tailwindcss_oxide::scanner: Reading "/Users/akashkottill/Desktop/fun/expense-tracker/components/investments/InvestmentCard.tsx"
2025-11-29T16:16:48.749407Z  INFO tailwindcss_oxide::scanner: Reading "/Users/akashkottill/Desktop/fun/expense-tracker/tsconfig.json"
2025-11-29T16:16:48.749373Z  INFO tailwindcss_oxide::scanner: Reading "/Users/akashkottill/Desktop/fun/expense-tracker/lib/types/payment-source.ts"
2025-11-29T16:16:48.749429Z  INFO tailwindcss_oxide::scanner: Reading "/Users/akashkottill/Desktop/fun/expense-tracker/components/expenses/ExpenseList.tsx"
2025-11-29T16:16:48.749457Z  INFO tailwindcss_oxide::scanner: Reading "/Users/akashkottill/Desktop/fun/expense-tracker/public/window.svg"
2025-11-29T16:16:48.749409Z  INFO tailwindcss_oxide::scanner: Reading "/Users/akashkottill/Desktop/fun/expense-tracker/PROJECT_SUMMARY.md"
2025-11-29T16:16:48.749481Z  INFO tailwindcss_oxide::scanner: Reading "/Users/akashkottill/Desktop/fun/expense-tracker/lib/utils/validations.ts"
2025-11-29T16:16:48.749542Z  INFO tailwindcss_oxide::scanner: Reading "/Users/akashkottill/Desktop/fun/expense-tracker/lib/hooks/useExpenses.ts"
2025-11-29T16:16:48.749582Z  INFO tailwindcss_oxide::scanner: Reading "/Users/akashkottill/Desktop/fun/expense-tracker/lib/types/index.ts"
2025-11-29T16:16:48.749581Z  INFO tailwindcss_oxide::scanner: Reading "/Users/akashkottill/Desktop/fun/expense-tracker/package.json"
2025-11-29T16:16:48.749606Z  INFO tailwindcss_oxide::scanner: Reading "/Users/akashkottill/Desktop/fun/expense-tracker/components/investments/InvestmentForm.tsx"
2025-11-29T16:16:48.749684Z  INFO tailwindcss_oxide::scanner: Reading "/Users/akashkottill/Desktop/fun/expense-tracker/VERCEL_DEPLOYMENT.md"
2025-11-29T16:16:48.750499Z  INFO tailwindcss_oxide::scanner: Reading "/Users/akashkottill/Desktop/fun/expense-tracker/components/expenses/ExpenseCard.tsx"
2025-11-29T16:16:48.750558Z  INFO tailwindcss_oxide::scanner: Reading "/Users/akashkottill/Desktop/fun/expense-tracker/lib/utils/calculations.ts"
2025-11-29T16:16:48.750572Z  INFO tailwindcss_oxide::scanner: Reading "/Users/akashkottill/Desktop/fun/expense-tracker/middleware.ts"
2025-11-29T16:16:48.751556Z  INFO tailwindcss_oxide::scanner: Reading "/Users/akashkottill/Desktop/fun/expense-tracker/lib/types/expense.ts"
2025-11-29T16:16:48.751560Z  INFO tailwindcss_oxide::scanner: Reading "/Users/akashkottill/Desktop/fun/expense-tracker/public/file.svg"
2025-11-29T16:16:48.751570Z  INFO tailwindcss_oxide::scanner: Reading "/Users/akashkottill/Desktop/fun/expense-tracker/lib/utils/formatters.ts"
2025-11-29T16:16:48.751618Z  INFO tailwindcss_oxide::scanner: Reading "/Users/akashkottill/Desktop/fun/expense-tracker/SUPABASE_EMAIL_CONFIG.md"
2025-11-29T16:16:48.751630Z  INFO tailwindcss_oxide::scanner: Reading "/Users/akashkottill/Desktop/fun/expense-tracker/components/expenses/ExpenseForm.tsx"
2025-11-29T16:16:48.751656Z  INFO tailwindcss_oxide::scanner: Reading "/Users/akashkottill/Desktop/fun/expense-tracker/lib/supabase/middleware.ts"
2025-11-29T16:16:48.751722Z  INFO tailwindcss_oxide::scanner: Reading "/Users/akashkottill/Desktop/fun/expense-tracker/public/vercel.svg"
2025-11-29T16:16:48.751730Z  INFO tailwindcss_oxide::scanner: Reading "/Users/akashkottill/Desktop/fun/expense-tracker/lib/hooks/useCategories.ts"
2025-11-29T16:16:48.751744Z  INFO tailwindcss_oxide::scanner: Reading "/Users/akashkottill/Desktop/fun/expense-tracker/lib/types/category.ts"
2025-11-29T16:16:48.751788Z  INFO tailwindcss_oxide::scanner: Reading "/Users/akashkottill/Desktop/fun/expense-tracker/lib/supabase/client.ts"
2025-11-29T16:16:48.751809Z  INFO tailwindcss_oxide::scanner: Reading "/Users/akashkottill/Desktop/fun/expense-tracker/public/next.svg"
2025-11-29T16:16:48.751721Z  INFO tailwindcss_oxide::scanner: Reading "/Users/akashkottill/Desktop/fun/expense-tracker/IMPLEMENTATION_STATUS.md"
2025-11-29T16:16:48.751791Z  INFO tailwindcss_oxide::scanner: Reading "/Users/akashkottill/Desktop/fun/expense-tracker/components/charts/PieChart.tsx"
2025-11-29T16:16:48.751862Z  INFO tailwindcss_oxide::scanner: Reading "/Users/akashkottill/Desktop/fun/expense-tracker/lib/types/user.ts"
2025-11-29T16:16:48.751738Z  INFO tailwindcss_oxide::scanner: Reading "/Users/akashkottill/Desktop/fun/expense-tracker/eslint.config.mjs"
2025-11-29T16:16:48.751838Z  INFO tailwindcss_oxide::scanner: Reading "/Users/akashkottill/Desktop/fun/expense-tracker/lib/hooks/useInvestments.ts"
2025-11-29T16:16:48.751932Z  INFO tailwindcss_oxide::scanner: Reading "/Users/akashkottill/Desktop/fun/expense-tracker/lib/utils/cn.ts"
2025-11-29T16:16:48.751933Z  INFO tailwindcss_oxide::scanner: Reading "/Users/akashkottill/Desktop/fun/expense-tracker/context/PartnerContext.tsx"
2025-11-29T16:16:48.751985Z  INFO tailwindcss_oxide::scanner: Reading "/Users/akashkottill/Desktop/fun/expense-tracker/components/charts/LineChart.tsx"
2025-11-29T16:16:48.751909Z  INFO tailwindcss_oxide::scanner: Reading "/Users/akashkottill/Desktop/fun/expense-tracker/lib/types/analytics.ts"
2025-11-29T16:16:48.752032Z  INFO tailwindcss_oxide::scanner: Reading "/Users/akashkottill/Desktop/fun/expense-tracker/lib/supabase/server.ts"
2025-11-29T16:16:48.752040Z  INFO tailwindcss_oxide::scanner: Reading "/Users/akashkottill/Desktop/fun/expense-tracker/public/globe.svg"
2025-11-29T16:16:48.753050Z  INFO tailwindcss_oxide::scanner: Reading "/Users/akashkottill/Desktop/fun/expense-tracker/next.config.ts"
2025-11-29T16:16:48.753053Z  INFO tailwindcss_oxide::scanner: Reading "/Users/akashkottill/Desktop/fun/expense-tracker/context/ThemeContext.tsx"
2025-11-29T16:16:48.753076Z  INFO tailwindcss_oxide::scanner: Reading "/Users/akashkottill/Desktop/fun/expense-tracker/SETUP_GUIDE.md"
2025-11-29T16:16:48.753053Z  INFO tailwindcss_oxide::scanner: Reading "/Users/akashkottill/Desktop/fun/expense-tracker/lib/hooks/usePaymentSources.ts"
2025-11-29T16:16:48.753118Z  INFO tailwindcss_oxide::scanner: Reading "/Users/akashkottill/Desktop/fun/expense-tracker/lib/types/investment.ts"
2025-11-29T16:16:48.753118Z  INFO tailwindcss_oxide::scanner: Reading "/Users/akashkottill/Desktop/fun/expense-tracker/supabase/migrations/004_add_is_shared_field.sql"
2025-11-29T16:16:48.753147Z  INFO tailwindcss_oxide::scanner: Reading "/Users/akashkottill/Desktop/fun/expense-tracker/supabase/migrations/002_row_level_security.sql"
2025-11-29T16:16:48.753093Z  INFO tailwindcss_oxide::scanner: Reading "/Users/akashkottill/Desktop/fun/expense-tracker/components/charts/BarChart.tsx"
2025-11-29T16:16:48.753148Z  INFO tailwindcss_oxide::scanner: Reading "/Users/akashkottill/Desktop/fun/expense-tracker/context/AuthContext.tsx"
2025-11-29T16:16:48.753149Z  INFO tailwindcss_oxide::scanner: Reading "/Users/akashkottill/Desktop/fun/expense-tracker/app/(dashboard)/settings/page.tsx"
2025-11-29T16:16:48.753272Z  INFO tailwindcss_oxide::scanner: Reading "/Users/akashkottill/Desktop/fun/expense-tracker/lib/types/credit-card.ts"
2025-11-29T16:16:48.753298Z  INFO tailwindcss_oxide::scanner: Reading "/Users/akashkottill/Desktop/fun/expense-tracker/components/shared/ThemeToggle.tsx"
2025-11-29T16:16:48.753302Z  INFO tailwindcss_oxide::scanner: Reading "/Users/akashkottill/Desktop/fun/expense-tracker/supabase/migrations/011_add_credit_cards.sql"
2025-11-29T16:16:48.753359Z  INFO tailwindcss_oxide::scanner: Reading "/Users/akashkottill/Desktop/fun/expense-tracker/supabase/migrations/010_add_investments.sql"
2025-11-29T16:16:48.753389Z  INFO tailwindcss_oxide::scanner: Reading "/Users/akashkottill/Desktop/fun/expense-tracker/PROJECT_EXPLANATION.txt"
2025-11-29T16:16:48.753409Z  INFO tailwindcss_oxide::scanner: Reading "/Users/akashkottill/Desktop/fun/expense-tracker/README.md"
2025-11-29T16:16:48.753441Z  INFO tailwindcss_oxide::scanner: Reading "/Users/akashkottill/Desktop/fun/expense-tracker/app/layout.tsx"
2025-11-29T16:16:48.753441Z  INFO tailwindcss_oxide::scanner: Reading "/Users/akashkottill/Desktop/fun/expense-tracker/lib/hooks/useAnalytics.ts"
2025-11-29T16:16:48.753463Z  INFO tailwindcss_oxide::scanner: Reading "/Users/akashkottill/Desktop/fun/expense-tracker/app/(dashboard)/expenses/page.tsx"
2025-11-29T16:16:48.753465Z  INFO tailwindcss_oxide::scanner: Reading "/Users/akashkottill/Desktop/fun/expense-tracker/components/categories/CategoryList.tsx"
2025-11-29T16:16:48.753517Z  INFO tailwindcss_oxide::scanner: Reading "/Users/akashkottill/Desktop/fun/expense-tracker/supabase/migrations/008_fix_partner_creation_issue.sql"
2025-11-29T16:16:48.753422Z  INFO tailwindcss_oxide::scanner: Reading "/Users/akashkottill/Desktop/fun/expense-tracker/supabase/migrations/016_fix_cc_repayment_category_cleanup.sql"
2025-11-29T16:16:48.754633Z  INFO tailwindcss_oxide::scanner: Reading "/Users/akashkottill/Desktop/fun/expense-tracker/app/(dashboard)/investments/page.tsx"
2025-11-29T16:16:48.754661Z  INFO tailwindcss_oxide::scanner: Reading "/Users/akashkottill/Desktop/fun/expense-tracker/supabase/migrations/013_add_payment_source_to_expenses.sql"
2025-11-29T16:16:48.754636Z  INFO tailwindcss_oxide::scanner: Reading "/Users/akashkottill/Desktop/fun/expense-tracker/components/ui/button.tsx"
2025-11-29T16:16:48.754764Z  INFO tailwindcss_oxide::scanner: Reading "/Users/akashkottill/Desktop/fun/expense-tracker/app/page.tsx"
2025-11-29T16:16:48.754779Z  INFO tailwindcss_oxide::scanner: Reading "/Users/akashkottill/Desktop/fun/expense-tracker/components/ui/card.tsx"
2025-11-29T16:16:48.754812Z  INFO tailwindcss_oxide::scanner: Reading "/Users/akashkottill/Desktop/fun/expense-tracker/app/(dashboard)/dashboard/page.tsx"
2025-11-29T16:16:48.754855Z  INFO tailwindcss_oxide::scanner: Reading "/Users/akashkottill/Desktop/fun/expense-tracker/components/ui/select.tsx"
2025-11-29T16:16:48.754872Z  INFO tailwindcss_oxide::scanner: Reading "/Users/akashkottill/Desktop/fun/expense-tracker/components/categories/SubcategoryForm.tsx"
2025-11-29T16:16:48.754900Z  INFO tailwindcss_oxide::scanner: Reading "/Users/akashkottill/Desktop/fun/expense-tracker/app/(auth)/signup/page.tsx"
2025-11-29T16:16:48.754951Z  INFO tailwindcss_oxide::scanner: Reading "/Users/akashkottill/Desktop/fun/expense-tracker/components/ui/label.tsx"
2025-11-29T16:16:48.754963Z  INFO tailwindcss_oxide::scanner: Reading "/Users/akashkottill/Desktop/fun/expense-tracker/supabase/migrations/017_remove_duplicate_cc_repayment_categories.sql"
2025-11-29T16:16:48.755018Z  INFO tailwindcss_oxide::scanner: Reading "/Users/akashkottill/Desktop/fun/expense-tracker/supabase/migrations/009_add_expense_split_fields.sql"
2025-11-29T16:16:48.755033Z  INFO tailwindcss_oxide::scanner: Reading "/Users/akashkottill/Desktop/fun/expense-tracker/components/categories/CategoryForm.tsx"
2025-11-29T16:16:48.755041Z  INFO tailwindcss_oxide::scanner: Reading "/Users/akashkottill/Desktop/fun/expense-tracker/app/(dashboard)/layout.tsx"
2025-11-29T16:16:48.755072Z  INFO tailwindcss_oxide::scanner: Reading "/Users/akashkottill/Desktop/fun/expense-tracker/postcss.config.mjs"
2025-11-29T16:16:48.755034Z  INFO tailwindcss_oxide::scanner: Reading "/Users/akashkottill/Desktop/fun/expense-tracker/components/ui/input.tsx"
2025-11-29T16:16:48.755156Z  INFO tailwindcss_oxide::scanner: Reading "/Users/akashkottill/Desktop/fun/expense-tracker/components/investments/InvestmentList.tsx"
2025-11-29T16:16:48.755102Z  INFO tailwindcss_oxide::scanner: Reading "/Users/akashkottill/Desktop/fun/expense-tracker/app/(auth)/layout.tsx"
2025-11-29T16:16:48.755202Z  INFO tailwindcss_oxide::scanner: Reading "/Users/akashkottill/Desktop/fun/expense-tracker/supabase/config/seed_payment_sources_and_investments.sql"
2025-11-29T16:16:48.755125Z  INFO tailwindcss_oxide::scanner: Reading "/Users/akashkottill/Desktop/fun/expense-tracker/supabase/migrations/003_add_paid_by_field.sql"
2025-11-29T16:16:48.755085Z  INFO tailwindcss_oxide::scanner: Reading "/Users/akashkottill/Desktop/fun/expense-tracker/supabase/migrations/014_add_credit_card_repayment_category.sql"
2025-11-29T16:16:48.755123Z  INFO tailwindcss_oxide::scanner: Reading "/Users/akashkottill/Desktop/fun/expense-tracker/supabase/config/seed.sql"
2025-11-29T16:16:48.755248Z  INFO tailwindcss_oxide::scanner: Reading "/Users/akashkottill/Desktop/fun/expense-tracker/app/(dashboard)/analytics/page.tsx"
2025-11-29T16:16:48.755351Z  INFO tailwindcss_oxide::scanner: Reading "/Users/akashkottill/Desktop/fun/expense-tracker/supabase/migrations/006_fix_partner_invitations_rls.sql"
2025-11-29T16:16:48.755315Z  INFO tailwindcss_oxide::scanner: Reading "/Users/akashkottill/Desktop/fun/expense-tracker/app/(auth)/login/page.tsx"
2025-11-29T16:16:48.755321Z  INFO tailwindcss_oxide::scanner: Reading "/Users/akashkottill/Desktop/fun/expense-tracker/supabase/migrations/005_verify_partner_invitations.sql"
2025-11-29T16:16:48.756165Z  INFO tailwindcss_oxide::scanner: Reading "/Users/akashkottill/Desktop/fun/expense-tracker/supabase/migrations/012_add_payment_sources.sql"
2025-11-29T16:16:48.756211Z  INFO tailwindcss_oxide::scanner: Reading "/Users/akashkottill/Desktop/fun/expense-tracker/supabase/migrations/015_remove_duplicate_cc_repayment_category.sql"
2025-11-29T16:16:48.756168Z  INFO tailwindcss_oxide::scanner: Reading "/Users/akashkottill/Desktop/fun/expense-tracker/supabase/migrations/007_allow_public_invitation_read.sql"
2025-11-29T16:16:48.756235Z  INFO tailwindcss_oxide::scanner: Reading "/Users/akashkottill/Desktop/fun/expense-tracker/supabase/migrations/001_initial_schema.sql"
2025-11-29T16:16:48.756295Z  INFO tailwindcss_oxide::scanner: Reading "/Users/akashkottill/Desktop/fun/expense-tracker/supabase/migrations/018_update_categories.sql"
2025-11-29T16:16:48.756382Z  INFO extract_candidates:read_all_files: tailwindcss_oxide::scanner: exit
2025-11-29T16:16:48.756391Z  INFO extract_candidates:parse_all_blobs: tailwindcss_oxide::scanner: enter
2025-11-29T16:16:48.756395Z  INFO extract_candidates:parse_all_blobs:extract: tailwindcss_oxide::scanner: enter
2025-11-29T16:16:48.760974Z  INFO extract_candidates:parse_all_blobs:extract: tailwindcss_oxide::scanner: exit
2025-11-29T16:16:48.761034Z  INFO extract_candidates:parse_all_blobs: tailwindcss_oxide::scanner: exit
2025-11-29T16:16:48.761089Z  INFO extract_candidates:read_all_files: tailwindcss_oxide::scanner: enter
2025-11-29T16:16:48.761097Z  INFO extract_candidates:read_all_files: tailwindcss_oxide::scanner: Reading 1 file(s)
2025-11-29T16:16:48.761213Z  INFO extract_candidates:read_all_files: tailwindcss_oxide::scanner: Reading "/Users/akashkottill/Desktop/fun/expense-tracker/app/globals.css"
2025-11-29T16:16:48.761221Z  INFO extract_candidates:read_all_files: tailwindcss_oxide::scanner: exit
2025-11-29T16:16:48.761225Z  INFO extract_candidates:extract_css_variables: tailwindcss_oxide::scanner: enter
2025-11-29T16:16:48.761229Z  INFO extract_candidates:extract_css_variables:extract: tailwindcss_oxide::scanner: enter
2025-11-29T16:16:48.761264Z  INFO extract_candidates:extract_css_variables:extract: tailwindcss_oxide::scanner: exit
2025-11-29T16:16:48.761269Z  INFO extract_candidates:extract_css_variables: tailwindcss_oxide::scanner: exit
2025-11-29T16:16:48.761696Z  INFO extract_candidates: tailwindcss_oxide::scanner: exit
2025-11-29T16:16:48.762413Z  INFO get_files: tailwindcss_oxide::scanner: enter
2025-11-29T16:16:48.762422Z  INFO get_files:scan_sources: tailwindcss_oxide::scanner: enter
2025-11-29T16:16:48.762967Z  INFO get_files:scan_sources: tailwindcss_oxide::scanner: Discovering "/Users/akashkottill/Desktop/fun/expense-tracker/context"
2025-11-29T16:16:48.763047Z  INFO get_files:scan_sources: tailwindcss_oxide::scanner: Discovering "/Users/akashkottill/Desktop/fun/expense-tracker/app"
2025-11-29T16:16:48.763115Z  INFO get_files:scan_sources: tailwindcss_oxide::scanner: Discovering "/Users/akashkottill/Desktop/fun/expense-tracker/app/(auth)"
2025-11-29T16:16:48.763157Z  INFO get_files:scan_sources: tailwindcss_oxide::scanner: Discovering "/Users/akashkottill/Desktop/fun/expense-tracker/app/(auth)/signup"
2025-11-29T16:16:48.763224Z  INFO get_files:scan_sources: tailwindcss_oxide::scanner: Discovering "/Users/akashkottill/Desktop/fun/expense-tracker/app/(auth)/login"
2025-11-29T16:16:48.763280Z  INFO get_files:scan_sources: tailwindcss_oxide::scanner: Discovering "/Users/akashkottill/Desktop/fun/expense-tracker/app/(dashboard)"
2025-11-29T16:16:48.763325Z  INFO get_files:scan_sources: tailwindcss_oxide::scanner: Discovering "/Users/akashkottill/Desktop/fun/expense-tracker/app/(dashboard)/settings"
2025-11-29T16:16:48.763381Z  INFO get_files:scan_sources: tailwindcss_oxide::scanner: Discovering "/Users/akashkottill/Desktop/fun/expense-tracker/app/(dashboard)/credit-cards"
2025-11-29T16:16:48.763425Z  INFO get_files:scan_sources: tailwindcss_oxide::scanner: Discovering "/Users/akashkottill/Desktop/fun/expense-tracker/app/(dashboard)/expenses"
2025-11-29T16:16:48.763475Z  INFO get_files:scan_sources: tailwindcss_oxide::scanner: Discovering "/Users/akashkottill/Desktop/fun/expense-tracker/app/(dashboard)/dashboard"
2025-11-29T16:16:48.763527Z  INFO get_files:scan_sources: tailwindcss_oxide::scanner: Discovering "/Users/akashkottill/Desktop/fun/expense-tracker/app/(dashboard)/analytics"
2025-11-29T16:16:48.763572Z  INFO get_files:scan_sources: tailwindcss_oxide::scanner: Discovering "/Users/akashkottill/Desktop/fun/expense-tracker/app/(dashboard)/investments"
2025-11-29T16:16:48.763702Z  INFO get_files:scan_sources: tailwindcss_oxide::scanner: Discovering "/Users/akashkottill/Desktop/fun/expense-tracker/supabase"
2025-11-29T16:16:48.763739Z  INFO get_files:scan_sources: tailwindcss_oxide::scanner: Discovering "/Users/akashkottill/Desktop/fun/expense-tracker/supabase/migrations"
2025-11-29T16:16:48.763928Z  INFO get_files:scan_sources: tailwindcss_oxide::scanner: Discovering "/Users/akashkottill/Desktop/fun/expense-tracker/supabase/config"
2025-11-29T16:16:48.763988Z  INFO get_files:scan_sources: tailwindcss_oxide::scanner: Discovering "/Users/akashkottill/Desktop/fun/expense-tracker/components"
2025-11-29T16:16:48.764027Z  INFO get_files:scan_sources: tailwindcss_oxide::scanner: Discovering "/Users/akashkottill/Desktop/fun/expense-tracker/components/ui"
2025-11-29T16:16:48.764103Z  INFO get_files:scan_sources: tailwindcss_oxide::scanner: Discovering "/Users/akashkottill/Desktop/fun/expense-tracker/components/credit-cards"
2025-11-29T16:16:48.764139Z  INFO get_files:scan_sources: tailwindcss_oxide::scanner: Discovering "/Users/akashkottill/Desktop/fun/expense-tracker/components/expenses"
2025-11-29T16:16:48.764198Z  INFO get_files:scan_sources: tailwindcss_oxide::scanner: Discovering "/Users/akashkottill/Desktop/fun/expense-tracker/components/charts"
2025-11-29T16:16:48.764257Z  INFO get_files:scan_sources: tailwindcss_oxide::scanner: Discovering "/Users/akashkottill/Desktop/fun/expense-tracker/components/shared"
2025-11-29T16:16:48.764300Z  INFO get_files:scan_sources: tailwindcss_oxide::scanner: Discovering "/Users/akashkottill/Desktop/fun/expense-tracker/components/dashboard"
2025-11-29T16:16:48.764335Z  INFO get_files:scan_sources: tailwindcss_oxide::scanner: Discovering "/Users/akashkottill/Desktop/fun/expense-tracker/components/categories"
2025-11-29T16:16:48.764420Z  INFO get_files:scan_sources: tailwindcss_oxide::scanner: Discovering "/Users/akashkottill/Desktop/fun/expense-tracker/components/investments"
2025-11-29T16:16:48.764497Z  INFO get_files:scan_sources: tailwindcss_oxide::scanner: Discovering "/Users/akashkottill/Desktop/fun/expense-tracker/public"
2025-11-29T16:16:48.764629Z  INFO get_files:scan_sources: tailwindcss_oxide::scanner: Discovering "/Users/akashkottill/Desktop/fun/expense-tracker/lib"
2025-11-29T16:16:48.764782Z  INFO get_files:scan_sources: tailwindcss_oxide::scanner: Discovering "/Users/akashkottill/Desktop/fun/expense-tracker/lib/types"
2025-11-29T16:16:48.764957Z  INFO get_files:scan_sources: tailwindcss_oxide::scanner: Discovering "/Users/akashkottill/Desktop/fun/expense-tracker/lib/utils"
2025-11-29T16:16:48.765042Z  INFO get_files:scan_sources: tailwindcss_oxide::scanner: Discovering "/Users/akashkottill/Desktop/fun/expense-tracker/lib/supabase"
2025-11-29T16:16:48.765115Z  INFO get_files:scan_sources: tailwindcss_oxide::scanner: Discovering "/Users/akashkottill/Desktop/fun/expense-tracker/lib/hooks"
2025-11-29T16:16:48.765343Z  INFO get_files:scan_sources: tailwindcss_oxide::scanner: exit
2025-11-29T16:16:48.765484Z  INFO get_files: tailwindcss_oxide::scanner: exit
2025-11-29T16:16:48.765688Z  INFO get_globs: tailwindcss_oxide::scanner: enter
2025-11-29T16:16:48.765699Z  INFO get_globs:scan_sources: tailwindcss_oxide::scanner: enter
2025-11-29T16:16:48.766155Z  INFO get_globs:scan_sources: tailwindcss_oxide::scanner: Discovering "/Users/akashkottill/Desktop/fun/expense-tracker/context"
2025-11-29T16:16:48.766219Z  INFO get_globs:scan_sources: tailwindcss_oxide::scanner: Discovering "/Users/akashkottill/Desktop/fun/expense-tracker/app"
2025-11-29T16:16:48.766270Z  INFO get_globs:scan_sources: tailwindcss_oxide::scanner: Discovering "/Users/akashkottill/Desktop/fun/expense-tracker/app/(auth)"
2025-11-29T16:16:48.766307Z  INFO get_globs:scan_sources: tailwindcss_oxide::scanner: Discovering "/Users/akashkottill/Desktop/fun/expense-tracker/app/(auth)/signup"
2025-11-29T16:16:48.766357Z  INFO get_globs:scan_sources: tailwindcss_oxide::scanner: Discovering "/Users/akashkottill/Desktop/fun/expense-tracker/app/(auth)/login"
2025-11-29T16:16:48.766399Z  INFO get_globs:scan_sources: tailwindcss_oxide::scanner: Discovering "/Users/akashkottill/Desktop/fun/expense-tracker/app/(dashboard)"
2025-11-29T16:16:48.766434Z  INFO get_globs:scan_sources: tailwindcss_oxide::scanner: Discovering "/Users/akashkottill/Desktop/fun/expense-tracker/app/(dashboard)/settings"
2025-11-29T16:16:48.766482Z  INFO get_globs:scan_sources: tailwindcss_oxide::scanner: Discovering "/Users/akashkottill/Desktop/fun/expense-tracker/app/(dashboard)/credit-cards"
2025-11-29T16:16:48.766516Z  INFO get_globs:scan_sources: tailwindcss_oxide::scanner: Discovering "/Users/akashkottill/Desktop/fun/expense-tracker/app/(dashboard)/expenses"
2025-11-29T16:16:48.766558Z  INFO get_globs:scan_sources: tailwindcss_oxide::scanner: Discovering "/Users/akashkottill/Desktop/fun/expense-tracker/app/(dashboard)/dashboard"
2025-11-29T16:16:48.766605Z  INFO get_globs:scan_sources: tailwindcss_oxide::scanner: Discovering "/Users/akashkottill/Desktop/fun/expense-tracker/app/(dashboard)/analytics"
2025-11-29T16:16:48.766645Z  INFO get_globs:scan_sources: tailwindcss_oxide::scanner: Discovering "/Users/akashkottill/Desktop/fun/expense-tracker/app/(dashboard)/investments"
2025-11-29T16:16:48.766760Z  INFO get_globs:scan_sources: tailwindcss_oxide::scanner: Discovering "/Users/akashkottill/Desktop/fun/expense-tracker/supabase"
2025-11-29T16:16:48.766793Z  INFO get_globs:scan_sources: tailwindcss_oxide::scanner: Discovering "/Users/akashkottill/Desktop/fun/expense-tracker/supabase/migrations"
2025-11-29T16:16:48.766961Z  INFO get_globs:scan_sources: tailwindcss_oxide::scanner: Discovering "/Users/akashkottill/Desktop/fun/expense-tracker/supabase/config"
2025-11-29T16:16:48.767014Z  INFO get_globs:scan_sources: tailwindcss_oxide::scanner: Discovering "/Users/akashkottill/Desktop/fun/expense-tracker/components"
2025-11-29T16:16:48.767048Z  INFO get_globs:scan_sources: tailwindcss_oxide::scanner: Discovering "/Users/akashkottill/Desktop/fun/expense-tracker/components/ui"
2025-11-29T16:16:48.767116Z  INFO get_globs:scan_sources: tailwindcss_oxide::scanner: Discovering "/Users/akashkottill/Desktop/fun/expense-tracker/components/credit-cards"
2025-11-29T16:16:48.767148Z  INFO get_globs:scan_sources: tailwindcss_oxide::scanner: Discovering "/Users/akashkottill/Desktop/fun/expense-tracker/components/expenses"
2025-11-29T16:16:48.767205Z  INFO get_globs:scan_sources: tailwindcss_oxide::scanner: Discovering "/Users/akashkottill/Desktop/fun/expense-tracker/components/charts"
2025-11-29T16:16:48.767258Z  INFO get_globs:scan_sources: tailwindcss_oxide::scanner: Discovering "/Users/akashkottill/Desktop/fun/expense-tracker/components/shared"
2025-11-29T16:16:48.767296Z  INFO get_globs:scan_sources: tailwindcss_oxide::scanner: Discovering "/Users/akashkottill/Desktop/fun/expense-tracker/components/dashboard"
2025-11-29T16:16:48.767327Z  INFO get_globs:scan_sources: tailwindcss_oxide::scanner: Discovering "/Users/akashkottill/Desktop/fun/expense-tracker/components/categories"
2025-11-29T16:16:48.767379Z  INFO get_globs:scan_sources: tailwindcss_oxide::scanner: Discovering "/Users/akashkottill/Desktop/fun/expense-tracker/components/investments"
2025-11-29T16:16:48.767433Z  INFO get_globs:scan_sources: tailwindcss_oxide::scanner: Discovering "/Users/akashkottill/Desktop/fun/expense-tracker/public"
2025-11-29T16:16:48.767523Z  INFO get_globs:scan_sources: tailwindcss_oxide::scanner: Discovering "/Users/akashkottill/Desktop/fun/expense-tracker/lib"
2025-11-29T16:16:48.767555Z  INFO get_globs:scan_sources: tailwindcss_oxide::scanner: Discovering "/Users/akashkottill/Desktop/fun/expense-tracker/lib/types"
2025-11-29T16:16:48.767638Z  INFO get_globs:scan_sources: tailwindcss_oxide::scanner: Discovering "/Users/akashkottill/Desktop/fun/expense-tracker/lib/utils"
2025-11-29T16:16:48.767695Z  INFO get_globs:scan_sources: tailwindcss_oxide::scanner: Discovering "/Users/akashkottill/Desktop/fun/expense-tracker/lib/supabase"
2025-11-29T16:16:48.767746Z  INFO get_globs:scan_sources: tailwindcss_oxide::scanner: Discovering "/Users/akashkottill/Desktop/fun/expense-tracker/lib/hooks"
2025-11-29T16:16:48.767876Z  INFO get_globs:scan_sources: tailwindcss_oxide::scanner: exit
2025-11-29T16:16:48.770367Z  INFO get_globs: tailwindcss_oxide::scanner: exit
2025-11-29T17:41:47.000739Z  INFO scan_sources: tailwindcss_oxide::scanner: enter
2025-11-29T17:41:47.004875Z  INFO scan_sources: tailwindcss_oxide::scanner: Discovering "/Users/akashkottill/Desktop/fun/expense-tracker/context"
2025-11-29T17:41:47.005076Z  INFO scan_sources: tailwindcss_oxide::scanner: Discovering "/Users/akashkottill/Desktop/fun/expense-tracker/app"
2025-11-29T17:41:47.005141Z  INFO scan_sources: tailwindcss_oxide::scanner: Discovering "/Users/akashkottill/Desktop/fun/expense-tracker/app/(auth)"
2025-11-29T17:41:47.005178Z  INFO scan_sources: tailwindcss_oxide::scanner: Discovering "/Users/akashkottill/Desktop/fun/expense-tracker/app/(auth)/signup"
2025-11-29T17:41:47.005230Z  INFO scan_sources: tailwindcss_oxide::scanner: Discovering "/Users/akashkottill/Desktop/fun/expense-tracker/app/(auth)/login"
2025-11-29T17:41:47.005272Z  INFO scan_sources: tailwindcss_oxide::scanner: Discovering "/Users/akashkottill/Desktop/fun/expense-tracker/app/(dashboard)"
2025-11-29T17:41:47.005303Z  INFO scan_sources: tailwindcss_oxide::scanner: Discovering "/Users/akashkottill/Desktop/fun/expense-tracker/app/(dashboard)/settings"
2025-11-29T17:41:47.005346Z  INFO scan_sources: tailwindcss_oxide::scanner: Discovering "/Users/akashkottill/Desktop/fun/expense-tracker/app/(dashboard)/credit-cards"
2025-11-29T17:41:47.005378Z  INFO scan_sources: tailwindcss_oxide::scanner: Discovering "/Users/akashkottill/Desktop/fun/expense-tracker/app/(dashboard)/expenses"
2025-11-29T17:41:47.005414Z  INFO scan_sources: tailwindcss_oxide::scanner: Discovering "/Users/akashkottill/Desktop/fun/expense-tracker/app/(dashboard)/dashboard"
2025-11-29T17:41:47.005459Z  INFO scan_sources: tailwindcss_oxide::scanner: Discovering "/Users/akashkottill/Desktop/fun/expense-tracker/app/(dashboard)/analytics"
2025-11-29T17:41:47.005495Z  INFO scan_sources: tailwindcss_oxide::scanner: Discovering "/Users/akashkottill/Desktop/fun/expense-tracker/app/(dashboard)/investments"
2025-11-29T17:41:47.005636Z  INFO scan_sources: tailwindcss_oxide::scanner: Discovering "/Users/akashkottill/Desktop/fun/expense-tracker/supabase"
2025-11-29T17:41:47.005674Z  INFO scan_sources: tailwindcss_oxide::scanner: Discovering "/Users/akashkottill/Desktop/fun/expense-tracker/supabase/migrations"
2025-11-29T17:41:47.005835Z  INFO scan_sources: tailwindcss_oxide::scanner: Discovering "/Users/akashkottill/Desktop/fun/expense-tracker/supabase/config"
2025-11-29T17:41:47.005883Z  INFO scan_sources: tailwindcss_oxide::scanner: Discovering "/Users/akashkottill/Desktop/fun/expense-tracker/components"
2025-11-29T17:41:47.005913Z  INFO scan_sources: tailwindcss_oxide::scanner: Discovering "/Users/akashkottill/Desktop/fun/expense-tracker/components/ui"
2025-11-29T17:41:47.005979Z  INFO scan_sources: tailwindcss_oxide::scanner: Discovering "/Users/akashkottill/Desktop/fun/expense-tracker/components/credit-cards"
2025-11-29T17:41:47.006006Z  INFO scan_sources: tailwindcss_oxide::scanner: Discovering "/Users/akashkottill/Desktop/fun/expense-tracker/components/expenses"
2025-11-29T17:41:47.006052Z  INFO scan_sources: tailwindcss_oxide::scanner: Discovering "/Users/akashkottill/Desktop/fun/expense-tracker/components/charts"
2025-11-29T17:41:47.006097Z  INFO scan_sources: tailwindcss_oxide::scanner: Discovering "/Users/akashkottill/Desktop/fun/expense-tracker/components/shared"
2025-11-29T17:41:47.006130Z  INFO scan_sources: tailwindcss_oxide::scanner: Discovering "/Users/akashkottill/Desktop/fun/expense-tracker/components/dashboard"
2025-11-29T17:41:47.006156Z  INFO scan_sources: tailwindcss_oxide::scanner: Discovering "/Users/akashkottill/Desktop/fun/expense-tracker/components/categories"
2025-11-29T17:41:47.006188Z  INFO scan_sources: tailwindcss_oxide::scanner: Discovering "/Users/akashkottill/Desktop/fun/expense-tracker/components/categories/CategoryForm.tsx"
2025-11-29T17:41:47.006214Z  INFO scan_sources: tailwindcss_oxide::scanner: Discovering "/Users/akashkottill/Desktop/fun/expense-tracker/components/investments"
2025-11-29T17:41:47.006263Z  INFO scan_sources: tailwindcss_oxide::scanner: Discovering "/Users/akashkottill/Desktop/fun/expense-tracker/public"
2025-11-29T17:41:47.006350Z  INFO scan_sources: tailwindcss_oxide::scanner: Discovering "/Users/akashkottill/Desktop/fun/expense-tracker/lib"
2025-11-29T17:41:47.006382Z  INFO scan_sources: tailwindcss_oxide::scanner: Discovering "/Users/akashkottill/Desktop/fun/expense-tracker/lib/types"
2025-11-29T17:41:47.006460Z  INFO scan_sources: tailwindcss_oxide::scanner: Discovering "/Users/akashkottill/Desktop/fun/expense-tracker/lib/utils"
2025-11-29T17:41:47.006510Z  INFO scan_sources: tailwindcss_oxide::scanner: Discovering "/Users/akashkottill/Desktop/fun/expense-tracker/lib/supabase"
2025-11-29T17:41:47.006555Z  INFO scan_sources: tailwindcss_oxide::scanner: Discovering "/Users/akashkottill/Desktop/fun/expense-tracker/lib/hooks"
2025-11-29T17:41:47.007306Z  INFO scan_sources: tailwindcss_oxide::scanner: exit
2025-11-29T17:41:47.007311Z  INFO extract_candidates: tailwindcss_oxide::scanner: enter
2025-11-29T17:41:47.007314Z  INFO extract_candidates:read_all_files: tailwindcss_oxide::scanner: enter
2025-11-29T17:41:47.007317Z  INFO extract_candidates:read_all_files: tailwindcss_oxide::scanner: Reading 1 file(s)
2025-11-29T17:41:47.007470Z  INFO extract_candidates:read_all_files: tailwindcss_oxide::scanner: Reading "/Users/akashkottill/Desktop/fun/expense-tracker/components/categories/CategoryForm.tsx"
2025-11-29T17:41:47.007478Z  INFO extract_candidates:read_all_files: tailwindcss_oxide::scanner: exit
2025-11-29T17:41:47.007481Z  INFO extract_candidates:parse_all_blobs: tailwindcss_oxide::scanner: enter
2025-11-29T17:41:47.007484Z  INFO extract_candidates:parse_all_blobs:extract: tailwindcss_oxide::scanner: enter
2025-11-29T17:41:47.008020Z  INFO extract_candidates:parse_all_blobs:extract: tailwindcss_oxide::scanner: exit
2025-11-29T17:41:47.008024Z  INFO extract_candidates:parse_all_blobs: tailwindcss_oxide::scanner: exit
2025-11-29T17:41:47.008147Z  INFO extract_candidates: tailwindcss_oxide::scanner: exit
2025-11-29T17:41:47.008581Z  INFO get_files: tailwindcss_oxide::scanner: enter
2025-11-29T17:41:47.008587Z  INFO get_files:scan_sources: tailwindcss_oxide::scanner: enter
2025-11-29T17:41:47.008955Z  INFO get_files:scan_sources: tailwindcss_oxide::scanner: Discovering "/Users/akashkottill/Desktop/fun/expense-tracker/context"
2025-11-29T17:41:47.009008Z  INFO get_files:scan_sources: tailwindcss_oxide::scanner: Discovering "/Users/akashkottill/Desktop/fun/expense-tracker/app"
2025-11-29T17:41:47.009050Z  INFO get_files:scan_sources: tailwindcss_oxide::scanner: Discovering "/Users/akashkottill/Desktop/fun/expense-tracker/app/(auth)"
2025-11-29T17:41:47.009080Z  INFO get_files:scan_sources: tailwindcss_oxide::scanner: Discovering "/Users/akashkottill/Desktop/fun/expense-tracker/app/(auth)/signup"
2025-11-29T17:41:47.009120Z  INFO get_files:scan_sources: tailwindcss_oxide::scanner: Discovering "/Users/akashkottill/Desktop/fun/expense-tracker/app/(auth)/login"
2025-11-29T17:41:47.009154Z  INFO get_files:scan_sources: tailwindcss_oxide::scanner: Discovering "/Users/akashkottill/Desktop/fun/expense-tracker/app/(dashboard)"
2025-11-29T17:41:47.009182Z  INFO get_files:scan_sources: tailwindcss_oxide::scanner: Discovering "/Users/akashkottill/Desktop/fun/expense-tracker/app/(dashboard)/settings"
2025-11-29T17:41:47.009220Z  INFO get_files:scan_sources: tailwindcss_oxide::scanner: Discovering "/Users/akashkottill/Desktop/fun/expense-tracker/app/(dashboard)/credit-cards"
2025-11-29T17:41:47.009247Z  INFO get_files:scan_sources: tailwindcss_oxide::scanner: Discovering "/Users/akashkottill/Desktop/fun/expense-tracker/app/(dashboard)/expenses"
2025-11-29T17:41:47.009279Z  INFO get_files:scan_sources: tailwindcss_oxide::scanner: Discovering "/Users/akashkottill/Desktop/fun/expense-tracker/app/(dashboard)/dashboard"
2025-11-29T17:41:47.009316Z  INFO get_files:scan_sources: tailwindcss_oxide::scanner: Discovering "/Users/akashkottill/Desktop/fun/expense-tracker/app/(dashboard)/analytics"
2025-11-29T17:41:47.009347Z  INFO get_files:scan_sources: tailwindcss_oxide::scanner: Discovering "/Users/akashkottill/Desktop/fun/expense-tracker/app/(dashboard)/investments"
2025-11-29T17:41:47.009440Z  INFO get_files:scan_sources: tailwindcss_oxide::scanner: Discovering "/Users/akashkottill/Desktop/fun/expense-tracker/supabase"
2025-11-29T17:41:47.009465Z  INFO get_files:scan_sources: tailwindcss_oxide::scanner: Discovering "/Users/akashkottill/Desktop/fun/expense-tracker/supabase/migrations"
2025-11-29T17:41:47.009600Z  INFO get_files:scan_sources: tailwindcss_oxide::scanner: Discovering "/Users/akashkottill/Desktop/fun/expense-tracker/supabase/config"
2025-11-29T17:41:47.009642Z  INFO get_files:scan_sources: tailwindcss_oxide::scanner: Discovering "/Users/akashkottill/Desktop/fun/expense-tracker/components"
2025-11-29T17:41:47.009670Z  INFO get_files:scan_sources: tailwindcss_oxide::scanner: Discovering "/Users/akashkottill/Desktop/fun/expense-tracker/components/ui"
2025-11-29T17:41:47.009723Z  INFO get_files:scan_sources: tailwindcss_oxide::scanner: Discovering "/Users/akashkottill/Desktop/fun/expense-tracker/components/credit-cards"
2025-11-29T17:41:47.009749Z  INFO get_files:scan_sources: tailwindcss_oxide::scanner: Discovering "/Users/akashkottill/Desktop/fun/expense-tracker/components/expenses"
2025-11-29T17:41:47.009790Z  INFO get_files:scan_sources: tailwindcss_oxide::scanner: Discovering "/Users/akashkottill/Desktop/fun/expense-tracker/components/charts"
2025-11-29T17:41:47.009831Z  INFO get_files:scan_sources: tailwindcss_oxide::scanner: Discovering "/Users/akashkottill/Desktop/fun/expense-tracker/components/shared"
2025-11-29T17:41:47.009862Z  INFO get_files:scan_sources: tailwindcss_oxide::scanner: Discovering "/Users/akashkottill/Desktop/fun/expense-tracker/components/dashboard"
2025-11-29T17:41:47.009886Z  INFO get_files:scan_sources: tailwindcss_oxide::scanner: Discovering "/Users/akashkottill/Desktop/fun/expense-tracker/components/categories"
2025-11-29T17:41:47.009928Z  INFO get_files:scan_sources: tailwindcss_oxide::scanner: Discovering "/Users/akashkottill/Desktop/fun/expense-tracker/components/investments"
2025-11-29T17:41:47.009971Z  INFO get_files:scan_sources: tailwindcss_oxide::scanner: Discovering "/Users/akashkottill/Desktop/fun/expense-tracker/public"
2025-11-29T17:41:47.010049Z  INFO get_files:scan_sources: tailwindcss_oxide::scanner: Discovering "/Users/akashkottill/Desktop/fun/expense-tracker/lib"
2025-11-29T17:41:47.010076Z  INFO get_files:scan_sources: tailwindcss_oxide::scanner: Discovering "/Users/akashkottill/Desktop/fun/expense-tracker/lib/types"
2025-11-29T17:41:47.010143Z  INFO get_files:scan_sources: tailwindcss_oxide::scanner: Discovering "/Users/akashkottill/Desktop/fun/expense-tracker/lib/utils"
2025-11-29T17:41:47.010221Z  INFO get_files:scan_sources: tailwindcss_oxide::scanner: Discovering "/Users/akashkottill/Desktop/fun/expense-tracker/lib/supabase"
2025-11-29T17:41:47.010280Z  INFO get_files:scan_sources: tailwindcss_oxide::scanner: Discovering "/Users/akashkottill/Desktop/fun/expense-tracker/lib/hooks"
2025-11-29T17:41:47.010399Z  INFO get_files:scan_sources: tailwindcss_oxide::scanner: exit
2025-11-29T17:41:47.010514Z  INFO get_files: tailwindcss_oxide::scanner: exit
2025-11-29T17:41:47.010691Z  INFO get_globs: tailwindcss_oxide::scanner: enter
2025-11-29T17:41:47.010695Z  INFO get_globs: tailwindcss_oxide::scanner: exit
2025-11-29T17:41:51.008227Z  INFO scan_sources: tailwindcss_oxide::scanner: enter
2025-11-29T17:41:51.023909Z  INFO scan_sources: tailwindcss_oxide::scanner: Discovering "/Users/akashkottill/Desktop/fun/expense-tracker/context"
2025-11-29T17:41:51.024014Z  INFO scan_sources: tailwindcss_oxide::scanner: Discovering "/Users/akashkottill/Desktop/fun/expense-tracker/app"
2025-11-29T17:41:51.024079Z  INFO scan_sources: tailwindcss_oxide::scanner: Discovering "/Users/akashkottill/Desktop/fun/expense-tracker/app/(auth)"
2025-11-29T17:41:51.024126Z  INFO scan_sources: tailwindcss_oxide::scanner: Discovering "/Users/akashkottill/Desktop/fun/expense-tracker/app/(auth)/signup"
2025-11-29T17:41:51.024185Z  INFO scan_sources: tailwindcss_oxide::scanner: Discovering "/Users/akashkottill/Desktop/fun/expense-tracker/app/(auth)/login"
2025-11-29T17:41:51.024234Z  INFO scan_sources: tailwindcss_oxide::scanner: Discovering "/Users/akashkottill/Desktop/fun/expense-tracker/app/(dashboard)"
2025-11-29T17:41:51.024275Z  INFO scan_sources: tailwindcss_oxide::scanner: Discovering "/Users/akashkottill/Desktop/fun/expense-tracker/app/(dashboard)/settings"
2025-11-29T17:41:51.024327Z  INFO scan_sources: tailwindcss_oxide::scanner: Discovering "/Users/akashkottill/Desktop/fun/expense-tracker/app/(dashboard)/credit-cards"
2025-11-29T17:41:51.024369Z  INFO scan_sources: tailwindcss_oxide::scanner: Discovering "/Users/akashkottill/Desktop/fun/expense-tracker/app/(dashboard)/expenses"
2025-11-29T17:41:51.024412Z  INFO scan_sources: tailwindcss_oxide::scanner: Discovering "/Users/akashkottill/Desktop/fun/expense-tracker/app/(dashboard)/dashboard"
2025-11-29T17:41:51.024463Z  INFO scan_sources: tailwindcss_oxide::scanner: Discovering "/Users/akashkottill/Desktop/fun/expense-tracker/app/(dashboard)/analytics"
2025-11-29T17:41:51.024507Z  INFO scan_sources: tailwindcss_oxide::scanner: Discovering "/Users/akashkottill/Desktop/fun/expense-tracker/app/(dashboard)/investments"
2025-11-29T17:41:51.024637Z  INFO scan_sources: tailwindcss_oxide::scanner: Discovering "/Users/akashkottill/Desktop/fun/expense-tracker/supabase"
2025-11-29T17:41:51.024674Z  INFO scan_sources: tailwindcss_oxide::scanner: Discovering "/Users/akashkottill/Desktop/fun/expense-tracker/supabase/migrations"
2025-11-29T17:41:51.024840Z  INFO scan_sources: tailwindcss_oxide::scanner: Discovering "/Users/akashkottill/Desktop/fun/expense-tracker/supabase/config"
2025-11-29T17:41:51.024895Z  INFO scan_sources: tailwindcss_oxide::scanner: Discovering "/Users/akashkottill/Desktop/fun/expense-tracker/components"
2025-11-29T17:41:51.024932Z  INFO scan_sources: tailwindcss_oxide::scanner: Discovering "/Users/akashkottill/Desktop/fun/expense-tracker/components/ui"
2025-11-29T17:41:51.025002Z  INFO scan_sources: tailwindcss_oxide::scanner: Discovering "/Users/akashkottill/Desktop/fun/expense-tracker/components/credit-cards"
2025-11-29T17:41:51.025050Z  INFO scan_sources: tailwindcss_oxide::scanner: Discovering "/Users/akashkottill/Desktop/fun/expense-tracker/components/expenses"
2025-11-29T17:41:51.025105Z  INFO scan_sources: tailwindcss_oxide::scanner: Discovering "/Users/akashkottill/Desktop/fun/expense-tracker/components/charts"
2025-11-29T17:41:51.025160Z  INFO scan_sources: tailwindcss_oxide::scanner: Discovering "/Users/akashkottill/Desktop/fun/expense-tracker/components/shared"
2025-11-29T17:41:51.025200Z  INFO scan_sources: tailwindcss_oxide::scanner: Discovering "/Users/akashkottill/Desktop/fun/expense-tracker/components/dashboard"
2025-11-29T17:41:51.025234Z  INFO scan_sources: tailwindcss_oxide::scanner: Discovering "/Users/akashkottill/Desktop/fun/expense-tracker/components/categories"
2025-11-29T17:41:51.025262Z  INFO scan_sources: tailwindcss_oxide::scanner: Discovering "/Users/akashkottill/Desktop/fun/expense-tracker/components/categories/SubcategoryForm.tsx"
2025-11-29T17:41:51.025298Z  INFO scan_sources: tailwindcss_oxide::scanner: Discovering "/Users/akashkottill/Desktop/fun/expense-tracker/components/investments"
2025-11-29T17:41:51.025356Z  INFO scan_sources: tailwindcss_oxide::scanner: Discovering "/Users/akashkottill/Desktop/fun/expense-tracker/public"
2025-11-29T17:41:51.025448Z  INFO scan_sources: tailwindcss_oxide::scanner: Discovering "/Users/akashkottill/Desktop/fun/expense-tracker/lib"
2025-11-29T17:41:51.025485Z  INFO scan_sources: tailwindcss_oxide::scanner: Discovering "/Users/akashkottill/Desktop/fun/expense-tracker/lib/types"
2025-11-29T17:41:51.025568Z  INFO scan_sources: tailwindcss_oxide::scanner: Discovering "/Users/akashkottill/Desktop/fun/expense-tracker/lib/utils"
2025-11-29T17:41:51.025627Z  INFO scan_sources: tailwindcss_oxide::scanner: Discovering "/Users/akashkottill/Desktop/fun/expense-tracker/lib/supabase"
2025-11-29T17:41:51.025679Z  INFO scan_sources: tailwindcss_oxide::scanner: Discovering "/Users/akashkottill/Desktop/fun/expense-tracker/lib/hooks"
2025-11-29T17:41:51.025814Z  INFO scan_sources: tailwindcss_oxide::scanner: exit
2025-11-29T17:41:51.025820Z  INFO extract_candidates: tailwindcss_oxide::scanner: enter
2025-11-29T17:41:51.025823Z  INFO extract_candidates:read_all_files: tailwindcss_oxide::scanner: enter
2025-11-29T17:41:51.025825Z  INFO extract_candidates:read_all_files: tailwindcss_oxide::scanner: Reading 1 file(s)
2025-11-29T17:41:51.025854Z  INFO extract_candidates:read_all_files: tailwindcss_oxide::scanner: Reading "/Users/akashkottill/Desktop/fun/expense-tracker/components/categories/SubcategoryForm.tsx"
2025-11-29T17:41:51.025860Z  INFO extract_candidates:read_all_files: tailwindcss_oxide::scanner: exit
2025-11-29T17:41:51.025863Z  INFO extract_candidates:parse_all_blobs: tailwindcss_oxide::scanner: enter
2025-11-29T17:41:51.025865Z  INFO extract_candidates:parse_all_blobs:extract: tailwindcss_oxide::scanner: enter
2025-11-29T17:41:51.032865Z  INFO extract_candidates:parse_all_blobs:extract: tailwindcss_oxide::scanner: exit
2025-11-29T17:41:51.032895Z  INFO extract_candidates:parse_all_blobs: tailwindcss_oxide::scanner: exit
2025-11-29T17:41:51.033178Z  INFO extract_candidates: tailwindcss_oxide::scanner: exit
2025-11-29T17:41:51.033623Z  INFO get_files: tailwindcss_oxide::scanner: enter
2025-11-29T17:41:51.033635Z  INFO get_files:scan_sources: tailwindcss_oxide::scanner: enter
2025-11-29T17:41:51.034087Z  INFO get_files:scan_sources: tailwindcss_oxide::scanner: Discovering "/Users/akashkottill/Desktop/fun/expense-tracker/context"
2025-11-29T17:41:51.034157Z  INFO get_files:scan_sources: tailwindcss_oxide::scanner: Discovering "/Users/akashkottill/Desktop/fun/expense-tracker/app"
2025-11-29T17:41:51.034206Z  INFO get_files:scan_sources: tailwindcss_oxide::scanner: Discovering "/Users/akashkottill/Desktop/fun/expense-tracker/app/(auth)"
2025-11-29T17:41:51.034240Z  INFO get_files:scan_sources: tailwindcss_oxide::scanner: Discovering "/Users/akashkottill/Desktop/fun/expense-tracker/app/(auth)/signup"
2025-11-29T17:41:51.034287Z  INFO get_files:scan_sources: tailwindcss_oxide::scanner: Discovering "/Users/akashkottill/Desktop/fun/expense-tracker/app/(auth)/login"
2025-11-29T17:41:51.034339Z  INFO get_files:scan_sources: tailwindcss_oxide::scanner: Discovering "/Users/akashkottill/Desktop/fun/expense-tracker/app/(dashboard)"
2025-11-29T17:41:51.034370Z  INFO get_files:scan_sources: tailwindcss_oxide::scanner: Discovering "/Users/akashkottill/Desktop/fun/expense-tracker/app/(dashboard)/settings"
2025-11-29T17:41:51.034413Z  INFO get_files:scan_sources: tailwindcss_oxide::scanner: Discovering "/Users/akashkottill/Desktop/fun/expense-tracker/app/(dashboard)/credit-cards"
2025-11-29T17:41:51.034446Z  INFO get_files:scan_sources: tailwindcss_oxide::scanner: Discovering "/Users/akashkottill/Desktop/fun/expense-tracker/app/(dashboard)/expenses"
2025-11-29T17:41:51.034481Z  INFO get_files:scan_sources: tailwindcss_oxide::scanner: Discovering "/Users/akashkottill/Desktop/fun/expense-tracker/app/(dashboard)/dashboard"
2025-11-29T17:41:51.037593Z  INFO get_files:scan_sources: tailwindcss_oxide::scanner: Discovering "/Users/akashkottill/Desktop/fun/expense-tracker/app/(dashboard)/analytics"
2025-11-29T17:41:51.037650Z  INFO get_files:scan_sources: tailwindcss_oxide::scanner: Discovering "/Users/akashkottill/Desktop/fun/expense-tracker/app/(dashboard)/investments"
2025-11-29T17:41:51.037765Z  INFO get_files:scan_sources: tailwindcss_oxide::scanner: Discovering "/Users/akashkottill/Desktop/fun/expense-tracker/supabase"
2025-11-29T17:41:51.037795Z  INFO get_files:scan_sources: tailwindcss_oxide::scanner: Discovering "/Users/akashkottill/Desktop/fun/expense-tracker/supabase/migrations"
2025-11-29T17:41:51.037953Z  INFO get_files:scan_sources: tailwindcss_oxide::scanner: Discovering "/Users/akashkottill/Desktop/fun/expense-tracker/supabase/config"
2025-11-29T17:41:51.038001Z  INFO get_files:scan_sources: tailwindcss_oxide::scanner: Discovering "/Users/akashkottill/Desktop/fun/expense-tracker/components"
2025-11-29T17:41:51.038031Z  INFO get_files:scan_sources: tailwindcss_oxide::scanner: Discovering "/Users/akashkottill/Desktop/fun/expense-tracker/components/ui"
2025-11-29T17:41:51.038092Z  INFO get_files:scan_sources: tailwindcss_oxide::scanner: Discovering "/Users/akashkottill/Desktop/fun/expense-tracker/components/credit-cards"
2025-11-29T17:41:51.038119Z  INFO get_files:scan_sources: tailwindcss_oxide::scanner: Discovering "/Users/akashkottill/Desktop/fun/expense-tracker/components/expenses"
2025-11-29T17:41:51.038300Z  INFO get_files:scan_sources: tailwindcss_oxide::scanner: Discovering "/Users/akashkottill/Desktop/fun/expense-tracker/components/charts"
2025-11-29T17:41:51.038359Z  INFO get_files:scan_sources: tailwindcss_oxide::scanner: Discovering "/Users/akashkottill/Desktop/fun/expense-tracker/components/shared"
2025-11-29T17:41:51.038396Z  INFO get_files:scan_sources: tailwindcss_oxide::scanner: Discovering "/Users/akashkottill/Desktop/fun/expense-tracker/components/dashboard"
2025-11-29T17:41:51.038424Z  INFO get_files:scan_sources: tailwindcss_oxide::scanner: Discovering "/Users/akashkottill/Desktop/fun/expense-tracker/components/categories"
2025-11-29T17:41:51.038477Z  INFO get_files:scan_sources: tailwindcss_oxide::scanner: Discovering "/Users/akashkottill/Desktop/fun/expense-tracker/components/investments"
2025-11-29T17:41:51.038529Z  INFO get_files:scan_sources: tailwindcss_oxide::scanner: Discovering "/Users/akashkottill/Desktop/fun/expense-tracker/public"
2025-11-29T17:41:51.038622Z  INFO get_files:scan_sources: tailwindcss_oxide::scanner: Discovering "/Users/akashkottill/Desktop/fun/expense-tracker/lib"
2025-11-29T17:41:51.038653Z  INFO get_files:scan_sources: tailwindcss_oxide::scanner: Discovering "/Users/akashkottill/Desktop/fun/expense-tracker/lib/types"
2025-11-29T17:41:51.038729Z  INFO get_files:scan_sources: tailwindcss_oxide::scanner: Discovering "/Users/akashkottill/Desktop/fun/expense-tracker/lib/utils"
2025-11-29T17:41:51.038780Z  INFO get_files:scan_sources: tailwindcss_oxide::scanner: Discovering "/Users/akashkottill/Desktop/fun/expense-tracker/lib/supabase"
2025-11-29T17:41:51.038830Z  INFO get_files:scan_sources: tailwindcss_oxide::scanner: Discovering "/Users/akashkottill/Desktop/fun/expense-tracker/lib/hooks"
2025-11-29T17:41:51.038956Z  INFO get_files:scan_sources: tailwindcss_oxide::scanner: exit
2025-11-29T17:41:51.045015Z  INFO get_files: tailwindcss_oxide::scanner: exit
2025-11-29T17:41:51.045319Z  INFO get_globs: tailwindcss_oxide::scanner: enter
2025-11-29T17:41:51.045347Z  INFO get_globs: tailwindcss_oxide::scanner: exit
